<?xml version="1.0" encoding="UTF-8"?>
<testsuite name="com.kiuk.book.springboot.web.domain.posts.PostsRespositoryTest" tests="2" skipped="0" failures="0" errors="0" timestamp="2022-02-09T06:18:07" hostname="DESKTOP-9FCTQH1" time="0.227">
  <properties/>
  <testcase name="게시글저장_불러오기" classname="com.kiuk.book.springboot.web.domain.posts.PostsRespositoryTest" time="0.216"/>
  <testcase name="BaseTimeEntity_등록" classname="com.kiuk.book.springboot.web.domain.posts.PostsRespositoryTest" time="0.011"/>
  <system-out><![CDATA[
  .   ____          _            __ _ _
 /\\ / ___'_ __ _ _(_)_ __  __ _ \ \ \ \
( ( )\___ | '_ | '_| | '_ \/ _` | \ \ \ \
 \\/  ___)| |_)| | | | | || (_| |  ) ) ) )
  '  |____| .__|_| |_|_| |_\__, | / / / /
 =========|_|==============|___/=/_/_/_/
 :: Spring Boot ::        (v2.1.9.RELEASE)

2022-02-09 15:18:02.895  INFO 18320 --- [    Test worker] c.k.b.s.w.d.posts.PostsRespositoryTest   : Starting PostsRespositoryTest on DESKTOP-9FCTQH1 with PID 18320 (started by KIUK in C:\Users\KIUK\IdeaProjects\SpringBoot_Ex)
2022-02-09 15:18:02.895  INFO 18320 --- [    Test worker] c.k.b.s.w.d.posts.PostsRespositoryTest   : No active profile set, falling back to default profiles: default
2022-02-09 15:18:03.192  INFO 18320 --- [    Test worker] .s.d.r.c.RepositoryConfigurationDelegate : Bootstrapping Spring Data repositories in DEFAULT mode.
2022-02-09 15:18:03.305  INFO 18320 --- [    Test worker] .s.d.r.c.RepositoryConfigurationDelegate : Finished Spring Data repository scanning in 107ms. Found 2 repository interfaces.
2022-02-09 15:18:03.568  INFO 18320 --- [    Test worker] trationDelegate$BeanPostProcessorChecker : Bean 'org.springframework.transaction.annotation.ProxyTransactionManagementConfiguration' of type [org.springframework.transaction.annotation.ProxyTransactionManagementConfiguration$$EnhancerBySpringCGLIB$$251f0e3] is not eligible for getting processed by all BeanPostProcessors (for example: not eligible for auto-proxying)
2022-02-09 15:18:03.732  INFO 18320 --- [    Test worker] com.zaxxer.hikari.HikariDataSource       : HikariPool-1 - Starting...
2022-02-09 15:18:03.869  INFO 18320 --- [    Test worker] com.zaxxer.hikari.HikariDataSource       : HikariPool-1 - Start completed.
2022-02-09 15:18:03.960  INFO 18320 --- [    Test worker] o.hibernate.jpa.internal.util.LogHelper  : HHH000204: Processing PersistenceUnitInfo [
	name: default
	...]
2022-02-09 15:18:04.024  INFO 18320 --- [    Test worker] org.hibernate.Version                    : HHH000412: Hibernate Core {5.3.12.Final}
2022-02-09 15:18:04.025  INFO 18320 --- [    Test worker] org.hibernate.cfg.Environment            : HHH000206: hibernate.properties not found
2022-02-09 15:18:04.165  INFO 18320 --- [    Test worker] o.hibernate.annotations.common.Version   : HCANN000001: Hibernate Commons Annotations {5.0.4.Final}
2022-02-09 15:18:04.330  INFO 18320 --- [    Test worker] org.hibernate.dialect.Dialect            : HHH000400: Using dialect: org.hibernate.dialect.MySQL5InnoDBDialect
Hibernate: drop table if exists posts
Hibernate: drop table if exists user
Hibernate: create table posts (id bigint not null auto_increment, create_date datetime, modified_date datetime, author varchar(255), content TEXT not null, title varchar(500) not null, primary key (id)) engine=InnoDB
Hibernate: create table user (id bigint not null auto_increment, create_date datetime, modified_date datetime, email varchar(255) not null, name varchar(255) not null, picture varchar(255), role varchar(255) not null, primary key (id)) engine=InnoDB
2022-02-09 15:18:04.988  INFO 18320 --- [    Test worker] o.h.t.schema.internal.SchemaCreatorImpl  : HHH000476: Executing import script 'org.hibernate.tool.schema.internal.exec.ScriptSourceInputNonExistentImpl@6235a2f9'
2022-02-09 15:18:04.992  INFO 18320 --- [    Test worker] j.LocalContainerEntityManagerFactoryBean : Initialized JPA EntityManagerFactory for persistence unit 'default'
2022-02-09 15:18:05.651  INFO 18320 --- [    Test worker] o.h.h.i.QueryTranslatorFactoryInitiator  : HHH000397: Using ASTQueryTranslatorFactory
2022-02-09 15:18:06.061  INFO 18320 --- [    Test worker] o.s.s.web.DefaultSecurityFilterChain     : Creating filter chain: any request, [org.springframework.security.web.context.request.async.WebAsyncManagerIntegrationFilter@3cc2fb7b, org.springframework.security.web.context.SecurityContextPersistenceFilter@28825b0e, org.springframework.security.web.header.HeaderWriterFilter@39a663a9, org.springframework.security.web.authentication.logout.LogoutFilter@524fa5b0, org.springframework.security.oauth2.client.web.OAuth2AuthorizationRequestRedirectFilter@76a62908, org.springframework.security.oauth2.client.web.OAuth2LoginAuthenticationFilter@707d1ab0, org.springframework.security.web.authentication.ui.DefaultLoginPageGeneratingFilter@51fa19c9, org.springframework.security.web.authentication.ui.DefaultLogoutPageGeneratingFilter@433a3ecc, org.springframework.security.web.savedrequest.RequestCacheAwareFilter@4d03e7a2, org.springframework.security.web.servletapi.SecurityContextHolderAwareRequestFilter@68e6a2af, org.springframework.security.web.authentication.AnonymousAuthenticationFilter@321fee5e, org.springframework.security.web.session.SessionManagementFilter@4764daad, org.springframework.security.web.access.ExceptionTranslationFilter@6fa1fdd3, org.springframework.security.web.access.intercept.FilterSecurityInterceptor@22cb2e6a]
2022-02-09 15:18:06.560  INFO 18320 --- [    Test worker] o.s.s.concurrent.ThreadPoolTaskExecutor  : Initializing ExecutorService 'applicationTaskExecutor'
2022-02-09 15:18:06.619  WARN 18320 --- [    Test worker] aWebConfiguration$JpaWebMvcConfiguration : spring.jpa.open-in-view is enabled by default. Therefore, database queries may be performed during view rendering. Explicitly configure spring.jpa.open-in-view to disable this warning
2022-02-09 15:18:06.675  INFO 18320 --- [    Test worker] o.s.b.a.w.s.WelcomePageHandlerMapping    : Adding welcome page template: index
2022-02-09 15:18:07.179  INFO 18320 --- [    Test worker] s.a.ScheduledAnnotationBeanPostProcessor : No TaskScheduler/ScheduledExecutorService bean found for scheduled processing
2022-02-09 15:18:07.187  INFO 18320 --- [    Test worker] c.k.b.s.w.d.posts.PostsRespositoryTest   : Started PostsRespositoryTest in 4.32 seconds (JVM running for 6.855)
Hibernate: insert into posts (create_date, modified_date, author, content, title) values (?, ?, ?, ?, ?)
Hibernate: select posts0_.id as id1_0_, posts0_.create_date as create_d2_0_, posts0_.modified_date as modified3_0_, posts0_.author as author4_0_, posts0_.content as content5_0_, posts0_.title as title6_0_ from posts posts0_
Hibernate: select posts0_.id as id1_0_, posts0_.create_date as create_d2_0_, posts0_.modified_date as modified3_0_, posts0_.author as author4_0_, posts0_.content as content5_0_, posts0_.title as title6_0_ from posts posts0_
Hibernate: delete from posts where id=?
Hibernate: insert into posts (create_date, modified_date, author, content, title) values (?, ?, ?, ?, ?)
Hibernate: select posts0_.id as id1_0_, posts0_.create_date as create_d2_0_, posts0_.modified_date as modified3_0_, posts0_.author as author4_0_, posts0_.content as content5_0_, posts0_.title as title6_0_ from posts posts0_
>>>>>>>>>>> createDate=2022-02-09T15:18:07.428, modifiedDate=2022-02-09T15:18:07.428
Hibernate: select posts0_.id as id1_0_, posts0_.create_date as create_d2_0_, posts0_.modified_date as modified3_0_, posts0_.author as author4_0_, posts0_.content as content5_0_, posts0_.title as title6_0_ from posts posts0_
Hibernate: delete from posts where id=?
]]></system-out>
  <system-err><![CDATA[]]></system-err>
</testsuite>
