<?xml version="1.0" encoding="UTF-8"?>
<testsuite name="com.kiuk.book.springboot.web.dto.HelloResponseDtoTest" tests="1" skipped="0" failures="0" errors="0" timestamp="2022-02-09T06:18:07" hostname="DESKTOP-9FCTQH1" time="0.004">
  <properties/>
  <testcase name="룸복_기능_테스트" classname="com.kiuk.book.springboot.web.dto.HelloResponseDtoTest" time="0.004"/>
  <system-out><![CDATA[]]></system-out>
  <system-err><![CDATA[]]></system-err>
</testsuite>
